#
# There is insufficient memory for the Java Runtime Environment to continue.
# Native memory allocation (mmap) failed to map 220200960 bytes. Error detail: G1 virtual space
# Possible reasons:
#   The system is out of physical RAM or swap space
#   This process is running with CompressedOops enabled, and the Java Heap may be blocking the growth of the native heap
# Possible solutions:
#   Reduce memory load on the system
#   Increase physical memory or swap space
#   Check if swap backing store is full
#   Decrease Java heap size (-Xmx/-Xms)
#   Decrease number of Java threads
#   Decrease Java thread stack sizes (-Xss)
#   Set larger code cache with -XX:ReservedCodeCacheSize=
#   JVM is running with Zero Based Compressed Oops mode in which the Java heap is
#     placed in the first 32GB address space. The Java Heap base address is the
#     maximum limit for the native heap growth. Please use -XX:HeapBaseMinAddress
#     to set the Java Heap base and to place the Java Heap above 32GB virtual address.
# This output file may be truncated or incomplete.
#
#  Out of Memory Error (os_windows.cpp:3710), pid=15832, tid=32188
#
# JRE version: OpenJDK Runtime Environment Microsoft-11369865 (17.0.15+6) (build 17.0.15+6-LTS)
# Java VM: OpenJDK 64-Bit Server VM Microsoft-11369865 (17.0.15+6-LTS, mixed mode, emulated-client, sharing, tiered, compressed oops, compressed class ptrs, g1 gc, windows-amd64)
# No core dump will be written. Minidumps are not enabled by default on client versions of Windows
#

---------------  S U M M A R Y ------------

Command Line: -XX:TieredStopAtLevel=1 -Dspring.output.ansi.enabled=always -Dcom.sun.management.jmxremote -Dspring.jmx.enabled=true -Dspring.liveBeansView.mbeanDomain -Dspring.application.admin.enabled=true -Dmanagement.endpoints.jmx.exposure.include=* -javaagent:D:\IntelliJ IDEA 2025.1\lib\idea_rt.jar=63357 -Dfile.encoding=UTF-8 com.ShiXi.ShiXiApplication

Host: AMD Ryzen 7 7840H with Radeon 780M Graphics, 16 cores, 15G,  Windows 11 , 64 bit Build 26100 (10.0.26100.5074)
Time: Sat Oct  4 18:13:33 2025  Windows 11 , 64 bit Build 26100 (10.0.26100.5074) elapsed time: 8.746351 seconds (0d 0h 0m 8s)

---------------  T H R E A D  ---------------

Current thread (0x000001fbf40a2fe0):  VMThread "VM Thread" [stack: 0x000000dd21e00000,0x000000dd21f00000] [id=32188]

Stack: [0x000000dd21e00000,0x000000dd21f00000]
Native frames: (J=compiled Java code, j=interpreted, Vv=VM code, C=native code)
V  [jvm.dll+0x6887a9]
V  [jvm.dll+0x83f5a8]
V  [jvm.dll+0x841053]
V  [jvm.dll+0x8416c3]
V  [jvm.dll+0x2496ef]
V  [jvm.dll+0x6856e9]
V  [jvm.dll+0x679b7a]
V  [jvm.dll+0x30b0d7]
V  [jvm.dll+0x312646]
V  [jvm.dll+0x36300e]
V  [jvm.dll+0x36324d]
V  [jvm.dll+0x2e236c]
V  [jvm.dll+0x2e0719]
V  [jvm.dll+0x2dfe7c]
V  [jvm.dll+0x322a2b]
V  [jvm.dll+0x845efd]
V  [jvm.dll+0x846c33]
V  [jvm.dll+0x84715f]
V  [jvm.dll+0x847544]
V  [jvm.dll+0x84760e]
V  [jvm.dll+0x7ef2dc]
V  [jvm.dll+0x687687]
C  [ucrtbase.dll+0x37b0]
C  [KERNEL32.DLL+0x2e8d7]
C  [ntdll.dll+0x8d9c]

VM_Operation (0x000000dd298fd1f0): G1CollectForAllocation, mode: safepoint, requested by thread 0x000001fbfc7d29b0


---------------  P R O C E S S  ---------------

Threads class SMR info:
_java_thread_list=0x000001fbfcb9a0d0, length=110, elements={
0x000001fbdd7dd510, 0x000001fbf40a8420, 0x000001fbf40a89f0, 0x000001fbf40c4260,
0x000001fbf40c4740, 0x000001fbf40c5320, 0x000001fbf40c9900, 0x000001fbf40cc2f0,
0x000001fbf40cd910, 0x000001fbf4b637e0, 0x000001fbf4ca9790, 0x000001fbf4cb0720,
0x000001fbf4cb2730, 0x000001fbf9747ec0, 0x000001fbf9748bc0, 0x000001fbf9c79010,
0x000001fbf9ca2370, 0x000001fbf9d1b7f0, 0x000001fbf9f29b30, 0x000001fbf9f2a050,
0x000001fbf9f1eda0, 0x000001fbf9f1fee0, 0x000001fbf9f4a830, 0x000001fbfa133000,
0x000001fbfa686060, 0x000001fbfa6883d0, 0x000001fbfa6874a0, 0x000001fbfa686a80,
0x000001fbfa686f90, 0x000001fbfa6888e0, 0x000001fbfa6879b0, 0x000001fbfa689300,
0x000001fbfbbc5f10, 0x000001fbfbbc4ad0, 0x000001fbfbbc6930, 0x000001fbfbbc4fe0,
0x000001fbfbbc6e40, 0x000001fbfbbc45c0, 0x000001fbfbbc7860, 0x000001fbfbbc54f0,
0x000001fbfbbc7350, 0x000001fbfbbc40b0, 0x000001fbfbbca5f0, 0x000001fbfbbca0e0,
0x000001fbfbbc8790, 0x000001fbfbbcb520, 0x000001fbfbbc96c0, 0x000001fbfbbcb010,
0x000001fbfbbc7d70, 0x000001fbfbbc8ca0, 0x000001fbfbbcab00, 0x000001fbfbbc9bd0,
0x000001fbfbbcba30, 0x000001fbfbbc8280, 0x000001fbfbbc91b0, 0x000001fbfc582a60,
0x000001fbfc582f70, 0x000001fbfc581b30, 0x000001fbfc5843b0, 0x000001fbfc583480,
0x000001fbfc582040, 0x000001fbfc583990, 0x000001fbfc5857f0, 0x000001fbfc5848c0,
0x000001fbfc5852e0, 0x000001fbf9e99800, 0x000001fbf9eb1ea0, 0x000001fbf9eb23c0,
0x000001fbf9dad050, 0x000001fbfc585d00, 0x000001fbfc582550, 0x000001fbfc586c30,
0x000001fbfc587140, 0x000001fbfc587650, 0x000001fbfc586210, 0x000001fbfc586720,
0x000001fbfc587b60, 0x000001fbfc588070, 0x000001fbfc588580, 0x000001fbfc588a90,
0x000001fbfc588fa0, 0x000001fbfc5894b0, 0x000001fbfc7cce90, 0x000001fbfc7cd3a0,
0x000001fbfc7ce2d0, 0x000001fbfc7cd8b0, 0x000001fbfc7cc470, 0x000001fbfc7cba50,
0x000001fbfc7cc980, 0x000001fbfc7cbf60, 0x000001fbfc7ce7e0, 0x000001fbfc7cb030,
0x000001fbfc7d0640, 0x000001fbfc7d1060, 0x000001fbfc7cfc20, 0x000001fbfc7d1570,
0x000001fbfc7cecf0, 0x000001fbfc7d0130, 0x000001fbfc7d1a80, 0x000001fbfc7d1f90,
0x000001fbfc7d0b50, 0x000001fbfc7d24a0, 0x000001fbfc7d29b0, 0x000001fbfc7cf200,
0x000001fbfc7cf710, 0x000001fbfccccb50, 0x000001fbfcccacf0, 0x000001fbfcccb710,
0x000001fbfcccc130, 0x000001fbfcccb200
}

Java Threads: ( => current thread )
  0x000001fbdd7dd510 JavaThread "main" [_thread_blocked, id=36080, stack(0x000000dd21800000,0x000000dd21900000)]
  0x000001fbf40a8420 JavaThread "Reference Handler" daemon [_thread_blocked, id=35312, stack(0x000000dd21f00000,0x000000dd22000000)]
  0x000001fbf40a89f0 JavaThread "Finalizer" daemon [_thread_blocked, id=42076, stack(0x000000dd22000000,0x000000dd22100000)]
  0x000001fbf40c4260 JavaThread "Signal Dispatcher" daemon [_thread_blocked, id=35816, stack(0x000000dd22100000,0x000000dd22200000)]
  0x000001fbf40c4740 JavaThread "Attach Listener" daemon [_thread_blocked, id=16192, stack(0x000000dd22200000,0x000000dd22300000)]
  0x000001fbf40c5320 JavaThread "Service Thread" daemon [_thread_blocked, id=35880, stack(0x000000dd22300000,0x000000dd22400000)]
  0x000001fbf40c9900 JavaThread "Monitor Deflation Thread" daemon [_thread_blocked, id=34456, stack(0x000000dd22400000,0x000000dd22500000)]
  0x000001fbf40cc2f0 JavaThread "C1 CompilerThread0" daemon [_thread_blocked, id=21396, stack(0x000000dd22500000,0x000000dd22600000)]
  0x000001fbf40cd910 JavaThread "Sweeper thread" daemon [_thread_blocked, id=40940, stack(0x000000dd22600000,0x000000dd22700000)]
  0x000001fbf4b637e0 JavaThread "C1 CompilerThread1" daemon [_thread_blocked, id=46052, stack(0x000000dd22700000,0x000000dd22800000)]
  0x000001fbf4ca9790 JavaThread "Common-Cleaner" daemon [_thread_blocked, id=47684, stack(0x000000dd22800000,0x000000dd22900000)]
  0x000001fbf4cb0720 JavaThread "C1 CompilerThread2" daemon [_thread_blocked, id=12972, stack(0x000000dd22900000,0x000000dd22a00000)]
  0x000001fbf4cb2730 JavaThread "C1 CompilerThread3" daemon [_thread_blocked, id=24680, stack(0x000000dd22a00000,0x000000dd22b00000)]
  0x000001fbf9747ec0 JavaThread "Monitor Ctrl-Break" daemon [_thread_in_native, id=45388, stack(0x000000dd22b00000,0x000000dd22c00000)]
  0x000001fbf9748bc0 JavaThread "Notification Thread" daemon [_thread_blocked, id=21916, stack(0x000000dd22c00000,0x000000dd22d00000)]
  0x000001fbf9c79010 JavaThread "RMI TCP Accept-0" daemon [_thread_in_native, id=2964, stack(0x000000dd23300000,0x000000dd23400000)]
  0x000001fbf9ca2370 JavaThread "RMI TCP Connection(1)-10.195.89.29" daemon [_thread_in_native, id=7480, stack(0x000000dd23500000,0x000000dd23600000)]
  0x000001fbf9d1b7f0 JavaThread "RMI Scheduler(0)" daemon [_thread_blocked, id=36436, stack(0x000000dd23600000,0x000000dd23700000)]
  0x000001fbf9f29b30 JavaThread "C1 CompilerThread4" daemon [_thread_blocked, id=38424, stack(0x000000dd23700000,0x000000dd23800000)]
  0x000001fbf9f2a050 JavaThread "C1 CompilerThread5" daemon [_thread_blocked, id=6680, stack(0x000000dd23800000,0x000000dd23900000)]
  0x000001fbf9f1eda0 JavaThread "C1 CompilerThread6" daemon [_thread_blocked, id=30356, stack(0x000000dd23900000,0x000000dd23a00000)]
  0x000001fbf9f1fee0 JavaThread "C1 CompilerThread7" daemon [_thread_blocked, id=41512, stack(0x000000dd23a00000,0x000000dd23b00000)]
  0x000001fbf9f4a830 JavaThread "JMX server connection timeout 28" daemon [_thread_blocked, id=38064, stack(0x000000dd23b00000,0x000000dd23c00000)]
  0x000001fbfa133000 JavaThread "RMI TCP Connection(2)-10.195.89.29" daemon [_thread_in_native, id=28628, stack(0x000000dd24000000,0x000000dd24100000)]
  0x000001fbfa686060 JavaThread "mysql-cj-abandoned-connection-cleanup" daemon [_thread_blocked, id=44892, stack(0x000000dd24100000,0x000000dd24200000)]
  0x000001fbfa6883d0 JavaThread "Catalina-utility-1" [_thread_blocked, id=47852, stack(0x000000dd24600000,0x000000dd24700000)]
  0x000001fbfa6874a0 JavaThread "Catalina-utility-2" [_thread_blocked, id=33360, stack(0x000000dd24700000,0x000000dd24800000)]
  0x000001fbfa686a80 JavaThread "container-0" [_thread_blocked, id=42480, stack(0x000000dd24800000,0x000000dd24900000)]
  0x000001fbfa686f90 JavaThread "idle_connection_reaper" daemon [_thread_blocked, id=41636, stack(0x000000dd24900000,0x000000dd24a00000)]
  0x000001fbfa6888e0 JavaThread "Thread-1" daemon [_thread_in_native, id=2936, stack(0x000000dd24a00000,0x000000dd24b00000)]
  0x000001fbfa6879b0 JavaThread "lettuce-eventExecutorLoop-1-1" daemon [_thread_blocked, id=36396, stack(0x000000dd24b00000,0x000000dd24c00000)]
  0x000001fbfa689300 JavaThread "lettuce-timer-3-1" daemon [_thread_blocked, id=15944, stack(0x000000dd24c00000,0x000000dd24d00000)]
  0x000001fbfbbc5f10 JavaThread "redisson-netty-4-1" [_thread_in_native, id=23984, stack(0x000000dd24d00000,0x000000dd24e00000)]
  0x000001fbfbbc4ad0 JavaThread "redisson-netty-4-2" [_thread_in_native, id=38128, stack(0x000000dd24e00000,0x000000dd24f00000)]
  0x000001fbfbbc6930 JavaThread "redisson-netty-4-3" [_thread_in_native, id=43624, stack(0x000000dd24f00000,0x000000dd25000000)]
  0x000001fbfbbc4fe0 JavaThread "redisson-netty-4-4" [_thread_in_native, id=17572, stack(0x000000dd25000000,0x000000dd25100000)]
  0x000001fbfbbc6e40 JavaThread "redisson-netty-4-5" [_thread_in_native, id=38748, stack(0x000000dd25100000,0x000000dd25200000)]
  0x000001fbfbbc45c0 JavaThread "redisson-timer-6-1" [_thread_blocked, id=48048, stack(0x000000dd25300000,0x000000dd25400000)]
  0x000001fbfbbc7860 JavaThread "redisson-netty-4-6" [_thread_in_native, id=23532, stack(0x000000dd25400000,0x000000dd25500000)]
  0x000001fbfbbc54f0 JavaThread "redisson-netty-4-7" [_thread_in_native, id=21364, stack(0x000000dd25500000,0x000000dd25600000)]
  0x000001fbfbbc7350 JavaThread "redisson-netty-4-8" [_thread_in_native, id=41628, stack(0x000000dd25600000,0x000000dd25700000)]
  0x000001fbfbbc40b0 JavaThread "redisson-netty-4-9" [_thread_in_native, id=15768, stack(0x000000dd25700000,0x000000dd25800000)]
  0x000001fbfbbca5f0 JavaThread "redisson-netty-4-10" [_thread_in_native, id=8332, stack(0x000000dd25800000,0x000000dd25900000)]
  0x000001fbfbbca0e0 JavaThread "redisson-netty-4-11" [_thread_in_native, id=9964, stack(0x000000dd25900000,0x000000dd25a00000)]
  0x000001fbfbbc8790 JavaThread "redisson-netty-4-12" [_thread_in_native, id=3924, stack(0x000000dd25a00000,0x000000dd25b00000)]
  0x000001fbfbbcb520 JavaThread "redisson-netty-4-13" [_thread_in_native, id=36628, stack(0x000000dd25b00000,0x000000dd25c00000)]
  0x000001fbfbbc96c0 JavaThread "redisson-netty-4-14" [_thread_in_native, id=40156, stack(0x000000dd25c00000,0x000000dd25d00000)]
  0x000001fbfbbcb010 JavaThread "redisson-netty-4-15" [_thread_in_native, id=23500, stack(0x000000dd25d00000,0x000000dd25e00000)]
  0x000001fbfbbc7d70 JavaThread "redisson-netty-4-16" [_thread_in_native, id=35088, stack(0x000000dd25e00000,0x000000dd25f00000)]
  0x000001fbfbbc8ca0 JavaThread "redisson-netty-4-17" [_thread_in_native, id=43564, stack(0x000000dd25f00000,0x000000dd26000000)]
  0x000001fbfbbcab00 JavaThread "redisson-netty-4-18" [_thread_in_native, id=37912, stack(0x000000dd26000000,0x000000dd26100000)]
  0x000001fbfbbc9bd0 JavaThread "redisson-netty-4-19" [_thread_in_native, id=26408, stack(0x000000dd26100000,0x000000dd26200000)]
  0x000001fbfbbcba30 JavaThread "redisson-netty-4-20" [_thread_in_native, id=40644, stack(0x000000dd26200000,0x000000dd26300000)]
  0x000001fbfbbc8280 JavaThread "redisson-netty-4-21" [_thread_in_native, id=21736, stack(0x000000dd26300000,0x000000dd26400000)]
  0x000001fbfbbc91b0 JavaThread "redisson-netty-4-22" [_thread_in_native, id=29424, stack(0x000000dd26400000,0x000000dd26500000)]
  0x000001fbfc582a60 JavaThread "redisson-netty-4-23" [_thread_in_native, id=25720, stack(0x000000dd26500000,0x000000dd26600000)]
  0x000001fbfc582f70 JavaThread "redisson-netty-4-24" [_thread_in_native, id=31788, stack(0x000000dd26600000,0x000000dd26700000)]
  0x000001fbfc581b30 JavaThread "redisson-netty-4-25" [_thread_in_native, id=46624, stack(0x000000dd26700000,0x000000dd26800000)]
  0x000001fbfc5843b0 JavaThread "redisson-netty-4-26" [_thread_in_native, id=44240, stack(0x000000dd26800000,0x000000dd26900000)]
  0x000001fbfc583480 JavaThread "redisson-netty-4-27" [_thread_in_native, id=27064, stack(0x000000dd26900000,0x000000dd26a00000)]
  0x000001fbfc582040 JavaThread "redisson-netty-4-28" [_thread_in_native, id=40220, stack(0x000000dd26a00000,0x000000dd26b00000)]
  0x000001fbfc583990 JavaThread "redisson-netty-4-29" [_thread_in_native, id=47432, stack(0x000000dd26b00000,0x000000dd26c00000)]
  0x000001fbfc5857f0 JavaThread "redisson-netty-4-30" [_thread_in_native, id=47416, stack(0x000000dd26c00000,0x000000dd26d00000)]
  0x000001fbfc5848c0 JavaThread "redisson-netty-4-31" [_thread_in_native, id=5556, stack(0x000000dd26d00000,0x000000dd26e00000)]
  0x000001fbfc5852e0 JavaThread "redisson-netty-4-32" [_thread_in_native, id=42356, stack(0x000000dd26e00000,0x000000dd26f00000)]
  0x000001fbf9e99800 JavaThread "C1 CompilerThread8" daemon [_thread_blocked, id=42672, stack(0x000000dd26f00000,0x000000dd27000000)]
  0x000001fbf9eb1ea0 JavaThread "C1 CompilerThread9" daemon [_thread_blocked, id=45972, stack(0x000000dd27000000,0x000000dd27100000)]
  0x000001fbf9eb23c0 JavaThread "C1 CompilerThread10" daemon [_thread_blocked, id=39116, stack(0x000000dd27100000,0x000000dd27200000)]
  0x000001fbf9dad050 JavaThread "C1 CompilerThread11" daemon [_thread_blocked, id=41748, stack(0x000000dd27200000,0x000000dd27300000)]
  0x000001fbfc585d00 JavaThread "pool-3-thread-1" [_thread_in_native, id=26992, stack(0x000000dd27300000,0x000000dd27400000)]
  0x000001fbfc582550 JavaThread "I/O dispatcher 1" [_thread_in_native, id=7996, stack(0x000000dd27400000,0x000000dd27500000)]
  0x000001fbfc586c30 JavaThread "I/O dispatcher 2" [_thread_in_native, id=47436, stack(0x000000dd27500000,0x000000dd27600000)]
  0x000001fbfc587140 JavaThread "I/O dispatcher 3" [_thread_in_native, id=29876, stack(0x000000dd27600000,0x000000dd27700000)]
  0x000001fbfc587650 JavaThread "I/O dispatcher 4" [_thread_in_native, id=5440, stack(0x000000dd27700000,0x000000dd27800000)]
  0x000001fbfc586210 JavaThread "I/O dispatcher 5" [_thread_in_native, id=23992, stack(0x000000dd27800000,0x000000dd27900000)]
  0x000001fbfc586720 JavaThread "I/O dispatcher 6" [_thread_in_native, id=13404, stack(0x000000dd27900000,0x000000dd27a00000)]
  0x000001fbfc587b60 JavaThread "I/O dispatcher 7" [_thread_in_native, id=39292, stack(0x000000dd27a00000,0x000000dd27b00000)]
  0x000001fbfc588070 JavaThread "I/O dispatcher 8" [_thread_in_native, id=40320, stack(0x000000dd27b00000,0x000000dd27c00000)]
  0x000001fbfc588580 JavaThread "I/O dispatcher 9" [_thread_in_native, id=28920, stack(0x000000dd27c00000,0x000000dd27d00000)]
  0x000001fbfc588a90 JavaThread "I/O dispatcher 10" [_thread_in_native, id=12544, stack(0x000000dd27d00000,0x000000dd27e00000)]
  0x000001fbfc588fa0 JavaThread "I/O dispatcher 11" [_thread_in_native, id=14400, stack(0x000000dd27e00000,0x000000dd27f00000)]
  0x000001fbfc5894b0 JavaThread "I/O dispatcher 12" [_thread_in_native, id=41524, stack(0x000000dd27f00000,0x000000dd28000000)]
  0x000001fbfc7cce90 JavaThread "I/O dispatcher 13" [_thread_in_native, id=47848, stack(0x000000dd28000000,0x000000dd28100000)]
  0x000001fbfc7cd3a0 JavaThread "I/O dispatcher 14" [_thread_in_native, id=47840, stack(0x000000dd28100000,0x000000dd28200000)]
  0x000001fbfc7ce2d0 JavaThread "I/O dispatcher 15" [_thread_in_native, id=28616, stack(0x000000dd28200000,0x000000dd28300000)]
  0x000001fbfc7cd8b0 JavaThread "I/O dispatcher 16" [_thread_in_native, id=48072, stack(0x000000dd28300000,0x000000dd28400000)]
  0x000001fbfc7cc470 JavaThread "ClassGraph-worker-504" daemon [_thread_blocked, id=27700, stack(0x000000dd28800000,0x000000dd28900000)]
  0x000001fbfc7cba50 JavaThread "ClassGraph-worker-505" daemon [_thread_blocked, id=45448, stack(0x000000dd28900000,0x000000dd28a00000)]
  0x000001fbfc7cc980 JavaThread "ClassGraph-worker-506" daemon [_thread_blocked, id=31424, stack(0x000000dd28a00000,0x000000dd28b00000)]
  0x000001fbfc7cbf60 JavaThread "ClassGraph-worker-507" daemon [_thread_blocked, id=31332, stack(0x000000dd28b00000,0x000000dd28c00000)]
  0x000001fbfc7ce7e0 JavaThread "ClassGraph-worker-508" daemon [_thread_blocked, id=18924, stack(0x000000dd28c00000,0x000000dd28d00000)]
  0x000001fbfc7cb030 JavaThread "ClassGraph-worker-509" daemon [_thread_blocked, id=36248, stack(0x000000dd28d00000,0x000000dd28e00000)]
  0x000001fbfc7d0640 JavaThread "ClassGraph-worker-510" daemon [_thread_blocked, id=31648, stack(0x000000dd28e00000,0x000000dd28f00000)]
  0x000001fbfc7d1060 JavaThread "ClassGraph-worker-511" daemon [_thread_blocked, id=48044, stack(0x000000dd28f00000,0x000000dd29000000)]
  0x000001fbfc7cfc20 JavaThread "ClassGraph-worker-512" daemon [_thread_blocked, id=46660, stack(0x000000dd29000000,0x000000dd29100000)]
  0x000001fbfc7d1570 JavaThread "ClassGraph-worker-513" daemon [_thread_blocked, id=43152, stack(0x000000dd29100000,0x000000dd29200000)]
  0x000001fbfc7cecf0 JavaThread "ClassGraph-worker-514" daemon [_thread_blocked, id=45420, stack(0x000000dd29200000,0x000000dd29300000)]
  0x000001fbfc7d0130 JavaThread "ClassGraph-worker-515" daemon [_thread_blocked, id=44940, stack(0x000000dd29300000,0x000000dd29400000)]
  0x000001fbfc7d1a80 JavaThread "ClassGraph-worker-516" daemon [_thread_blocked, id=16736, stack(0x000000dd29400000,0x000000dd29500000)]
  0x000001fbfc7d1f90 JavaThread "ClassGraph-worker-517" daemon [_thread_blocked, id=1756, stack(0x000000dd29500000,0x000000dd29600000)]
  0x000001fbfc7d0b50 JavaThread "ClassGraph-worker-518" daemon [_thread_blocked, id=34336, stack(0x000000dd29600000,0x000000dd29700000)]
  0x000001fbfc7d24a0 JavaThread "ClassGraph-worker-519" daemon [_thread_blocked, id=35828, stack(0x000000dd29700000,0x000000dd29800000)]
  0x000001fbfc7d29b0 JavaThread "ClassGraph-worker-520" daemon [_thread_blocked, id=21652, stack(0x000000dd29800000,0x000000dd29900000)]
  0x000001fbfc7cf200 JavaThread "ClassGraph-worker-521" daemon [_thread_blocked, id=25884, stack(0x000000dd29900000,0x000000dd29a00000)]
  0x000001fbfc7cf710 JavaThread "ClassGraph-worker-522" daemon [_thread_blocked, id=29128, stack(0x000000dd29a00000,0x000000dd29b00000)]
  0x000001fbfccccb50 JavaThread "ClassGraph-worker-523" daemon [_thread_blocked, id=44324, stack(0x000000dd29b00000,0x000000dd29c00000)]
  0x000001fbfcccacf0 JavaThread "ClassGraph-worker-524" daemon [_thread_blocked, id=25268, stack(0x000000dd29c00000,0x000000dd29d00000)]
  0x000001fbfcccb710 JavaThread "ClassGraph-worker-525" daemon [_thread_blocked, id=47560, stack(0x000000dd29d00000,0x000000dd29e00000)]
  0x000001fbfcccc130 JavaThread "ClassGraph-worker-526" daemon [_thread_blocked, id=41764, stack(0x000000dd29e00000,0x000000dd29f00000)]
  0x000001fbfcccb200 JavaThread "ClassGraph-worker-527" daemon [_thread_blocked, id=44916, stack(0x000000dd29f00000,0x000000dd2a000000)]

Other Threads:
=>0x000001fbf40a2fe0 VMThread "VM Thread" [stack: 0x000000dd21e00000,0x000000dd21f00000] [id=32188]
  0x000001fbf9c577a0 WatcherThread [stack: 0x000000dd23400000,0x000000dd23500000] [id=40536]
  0x000001fbdd846f80 GCTaskThread "GC Thread#0" [stack: 0x000000dd21900000,0x000000dd21a00000] [id=2336]
  0x000001fbf9b61bd0 GCTaskThread "GC Thread#1" [stack: 0x000000dd22d00000,0x000000dd22e00000] [id=26976]
  0x000001fbf9b622a0 GCTaskThread "GC Thread#2" [stack: 0x000000dd22e00000,0x000000dd22f00000] [id=45272]
  0x000001fbf9b62970 GCTaskThread "GC Thread#3" [stack: 0x000000dd22f00000,0x000000dd23000000] [id=45004]
  0x000001fbf9b63040 GCTaskThread "GC Thread#4" [stack: 0x000000dd23000000,0x000000dd23100000] [id=43772]
  0x000001fbf9b79be0 GCTaskThread "GC Thread#5" [stack: 0x000000dd23100000,0x000000dd23200000] [id=13144]
  0x000001fbf9b7af20 GCTaskThread "GC Thread#6" [stack: 0x000000dd23200000,0x000000dd23300000] [id=36900]
  0x000001fbf9b79660 GCTaskThread "GC Thread#7" [stack: 0x000000dd23c00000,0x000000dd23d00000] [id=41052]
  0x000001fbf9b7a9a0 GCTaskThread "GC Thread#8" [stack: 0x000000dd23d00000,0x000000dd23e00000] [id=42108]
  0x000001fbf9b7ac60 GCTaskThread "GC Thread#9" [stack: 0x000000dd23e00000,0x000000dd23f00000] [id=30920]
  0x000001fbf9b7b1e0 GCTaskThread "GC Thread#10" [stack: 0x000000dd23f00000,0x000000dd24000000] [id=19840]
  0x000001fbf9b79ea0 GCTaskThread "GC Thread#11" [stack: 0x000000dd24200000,0x000000dd24300000] [id=9292]
  0x000001fbf9b7a160 GCTaskThread "GC Thread#12" [stack: 0x000000dd24300000,0x000000dd24400000] [id=21828]
  0x000001fbdd859250 ConcurrentGCThread "G1 Main Marker" [stack: 0x000000dd21a00000,0x000000dd21b00000] [id=42352]
  0x000001fbdd85b590 ConcurrentGCThread "G1 Conc#0" [stack: 0x000000dd21b00000,0x000000dd21c00000] [id=47428]
  0x000001fbf9b7a420 ConcurrentGCThread "G1 Conc#1" [stack: 0x000000dd24400000,0x000000dd24500000] [id=44692]
  0x000001fbf9b7a6e0 ConcurrentGCThread "G1 Conc#2" [stack: 0x000000dd24500000,0x000000dd24600000] [id=41040]
  0x000001fbf3fae7c0 ConcurrentGCThread "G1 Refine#0" [stack: 0x000000dd21c00000,0x000000dd21d00000] [id=23488]
  0x000001fbfb68a500 ConcurrentGCThread "G1 Refine#1" [stack: 0x000000dd28400000,0x000000dd28500000] [id=14544]
  0x000001fbfb68a7f0 ConcurrentGCThread "G1 Refine#2" [stack: 0x000000dd28500000,0x000000dd28600000] [id=41080]
  0x000001fbfb68aae0 ConcurrentGCThread "G1 Refine#3" [stack: 0x000000dd28600000,0x000000dd28700000] [id=37616]
  0x000001fbfb689070 ConcurrentGCThread "G1 Refine#4" [stack: 0x000000dd28700000,0x000000dd28800000] [id=29088]
  0x000001fbf3faeba0 ConcurrentGCThread "G1 Service" [stack: 0x000000dd21d00000,0x000000dd21e00000] [id=2108]

Threads with active compile tasks:

VM state: at safepoint (normal execution)

VM Mutex/Monitor currently owned by a thread:  ([mutex/lock_event])
[0x000001fbdd7d98b0] Threads_lock - owner thread: 0x000001fbf40a2fe0
[0x000001fbdd7d88f0] Heap_lock - owner thread: 0x000001fbfc7d29b0

Heap address: 0x000000070ce00000, size: 3890 MB, Compressed Oops mode: Zero based, Oop shift amount: 3

CDS archive(s) mapped at: [0x000001fb80000000-0x000001fb80bb0000-0x000001fb80bb0000), size 12255232, SharedBaseAddress: 0x000001fb80000000, ArchiveRelocationMode: 1.
Compressed class space mapped at: 0x000001fb81000000-0x000001fbc1000000, reserved size: 1073741824
Narrow klass base: 0x000001fb80000000, Narrow klass shift: 0, Narrow klass range: 0x100000000

GC Precious Log:
 CPUs: 16 total, 16 available
 Memory: 15556M
 Large Page Support: Disabled
 NUMA Support: Disabled
 Compressed Oops: Enabled (Zero based)
 Heap Region Size: 2M
 Heap Min Capacity: 8M
 Heap Initial Capacity: 244M
 Heap Max Capacity: 3890M
 Pre-touch: Disabled
 Parallel Workers: 13
 Concurrent Workers: 3
 Concurrent Refinement Workers: 13
 Periodic GC: Disabled

Heap:
 garbage-first heap   total 249856K, used 92542K [0x000000070ce00000, 0x0000000800000000)
  region size 2048K, 1 young (2048K), 1 survivors (2048K)
 Metaspace       used 72380K, committed 72896K, reserved 1114112K
  class space    used 9663K, committed 9920K, reserved 1048576K

Heap Regions: E=young(eden), S=young(survivor), O=old, HS=humongous(starts), HC=humongous(continues), CS=collection set, F=free, OA=open archive, CA=closed archive, TAMS=top-at-mark-start (previous, next)
|   0|0x000000070ce00000, 0x000000070d000000, 0x000000070d000000|100%| O|  |TAMS 0x000000070d000000, 0x000000070ce00000| Untracked 
|   1|0x000000070d000000, 0x000000070d200000, 0x000000070d200000|100%| O|  |TAMS 0x000000070d200000, 0x000000070d000000| Untracked 
|   2|0x000000070d200000, 0x000000070d400000, 0x000000070d400000|100%| O|  |TAMS 0x000000070d400000, 0x000000070d200000| Untracked 
|   3|0x000000070d400000, 0x000000070d600000, 0x000000070d600000|100%| O|  |TAMS 0x000000070d600000, 0x000000070d400000| Untracked 
|   4|0x000000070d600000, 0x000000070d800000, 0x000000070d800000|100%| O|  |TAMS 0x000000070d800000, 0x000000070d600000| Untracked 
|   5|0x000000070d800000, 0x000000070da00000, 0x000000070da00000|100%| O|  |TAMS 0x000000070da00000, 0x000000070d800000| Untracked 
|   6|0x000000070da00000, 0x000000070db46c00, 0x000000070dc00000| 63%| O|  |TAMS 0x000000070db46c00, 0x000000070da00000| Untracked 
|   7|0x000000070dc00000, 0x000000070de00000, 0x000000070de00000|100%| O|  |TAMS 0x000000070de00000, 0x000000070dc00000| Untracked 
|   8|0x000000070de00000, 0x000000070e000000, 0x000000070e000000|100%| O|  |TAMS 0x000000070e000000, 0x000000070de00000| Untracked 
|   9|0x000000070e000000, 0x000000070e200000, 0x000000070e200000|100%| O|  |TAMS 0x000000070e200000, 0x000000070e000000| Untracked 
|  10|0x000000070e200000, 0x000000070e400000, 0x000000070e400000|100%| O|  |TAMS 0x000000070e400000, 0x000000070e200000| Untracked 
|  11|0x000000070e400000, 0x000000070e600000, 0x000000070e600000|100%| O|  |TAMS 0x000000070e600000, 0x000000070e400000| Untracked 
|  12|0x000000070e600000, 0x000000070e800000, 0x000000070e800000|100%| O|  |TAMS 0x000000070e800000, 0x000000070e600000| Untracked 
|  13|0x000000070e800000, 0x000000070ea00000, 0x000000070ea00000|100%| O|  |TAMS 0x000000070ea00000, 0x000000070e800000| Untracked 
|  14|0x000000070ea00000, 0x000000070ec00000, 0x000000070ec00000|100%| O|  |TAMS 0x000000070ec00000, 0x000000070ea00000| Untracked 
|  15|0x000000070ec00000, 0x000000070ee00000, 0x000000070ee00000|100%| O|  |TAMS 0x000000070ee00000, 0x000000070ec00000| Untracked 
|  16|0x000000070ee00000, 0x000000070f000000, 0x000000070f000000|100%| O|  |TAMS 0x000000070f000000, 0x000000070ee00000| Untracked 
|  17|0x000000070f000000, 0x000000070f200000, 0x000000070f200000|100%| O|  |TAMS 0x000000070f200000, 0x000000070f000000| Untracked 
|  18|0x000000070f200000, 0x000000070f400000, 0x000000070f400000|100%| O|  |TAMS 0x000000070f400000, 0x000000070f200000| Untracked 
|  19|0x000000070f400000, 0x000000070f600000, 0x000000070f600000|100%| O|  |TAMS 0x000000070f600000, 0x000000070f400000| Untracked 
|  20|0x000000070f600000, 0x000000070f800000, 0x000000070f800000|100%| O|  |TAMS 0x000000070f800000, 0x000000070f600000| Untracked 
|  21|0x000000070f800000, 0x000000070fa00000, 0x000000070fa00000|100%| O|  |TAMS 0x000000070fa00000, 0x000000070f800000| Untracked 
|  22|0x000000070fa00000, 0x000000070fc00000, 0x000000070fc00000|100%| O|  |TAMS 0x000000070fc00000, 0x000000070fa00000| Untracked 
|  23|0x000000070fc00000, 0x000000070fe00000, 0x000000070fe00000|100%| O|  |TAMS 0x000000070fe00000, 0x000000070fc00000| Untracked 
|  24|0x000000070fe00000, 0x0000000710000000, 0x0000000710000000|100%| O|  |TAMS 0x0000000710000000, 0x000000070fe00000| Untracked 
|  25|0x0000000710000000, 0x0000000710200000, 0x0000000710200000|100%| O|  |TAMS 0x0000000710200000, 0x0000000710000000| Untracked 
|  26|0x0000000710200000, 0x0000000710400000, 0x0000000710400000|100%| O|  |TAMS 0x0000000710200000, 0x0000000710200000| Untracked 
|  27|0x0000000710400000, 0x0000000710600000, 0x0000000710600000|100%| O|  |TAMS 0x0000000710400000, 0x0000000710400000| Untracked 
|  28|0x0000000710600000, 0x0000000710800000, 0x0000000710800000|100%| O|  |TAMS 0x0000000710800000, 0x0000000710600000| Untracked 
|  29|0x0000000710800000, 0x0000000710a00000, 0x0000000710a00000|100%| O|  |TAMS 0x0000000710a00000, 0x0000000710800000| Untracked 
|  30|0x0000000710a00000, 0x0000000710c00000, 0x0000000710c00000|100%| O|  |TAMS 0x0000000710c00000, 0x0000000710a00000| Untracked 
|  31|0x0000000710c00000, 0x0000000710e00000, 0x0000000710e00000|100%| O|  |TAMS 0x0000000710e00000, 0x0000000710c00000| Untracked 
|  32|0x0000000710e00000, 0x0000000711000000, 0x0000000711000000|100%| O|  |TAMS 0x0000000710e00000, 0x0000000710e00000| Untracked 
|  33|0x0000000711000000, 0x0000000711200000, 0x0000000711200000|100%| O|  |TAMS 0x0000000711000000, 0x0000000711000000| Untracked 
|  34|0x0000000711200000, 0x0000000711400000, 0x0000000711400000|100%| O|  |TAMS 0x0000000711200000, 0x0000000711200000| Untracked 
|  35|0x0000000711400000, 0x0000000711600000, 0x0000000711600000|100%| O|  |TAMS 0x0000000711400000, 0x0000000711400000| Untracked 
|  36|0x0000000711600000, 0x0000000711800000, 0x0000000711800000|100%| O|  |TAMS 0x0000000711600000, 0x0000000711600000| Untracked 
|  37|0x0000000711800000, 0x0000000711a00000, 0x0000000711a00000|100%| O|  |TAMS 0x0000000711800000, 0x0000000711800000| Untracked 
|  38|0x0000000711a00000, 0x0000000711c00000, 0x0000000711c00000|100%| O|  |TAMS 0x0000000711a00000, 0x0000000711a00000| Untracked 
|  39|0x0000000711c00000, 0x0000000711e00000, 0x0000000711e00000|100%| O|  |TAMS 0x0000000711c00000, 0x0000000711c00000| Untracked 
|  40|0x0000000711e00000, 0x0000000711e00000, 0x0000000712000000|  0%| F|  |TAMS 0x0000000711e00000, 0x0000000711e00000| Untracked 
|  41|0x0000000712000000, 0x0000000712000000, 0x0000000712200000|  0%| F|  |TAMS 0x0000000712000000, 0x0000000712000000| Untracked 
|  42|0x0000000712200000, 0x0000000712200000, 0x0000000712400000|  0%| F|  |TAMS 0x0000000712200000, 0x0000000712200000| Untracked 
|  43|0x0000000712400000, 0x0000000712400000, 0x0000000712600000|  0%| F|  |TAMS 0x0000000712400000, 0x0000000712400000| Untracked 
|  44|0x0000000712600000, 0x0000000712800000, 0x0000000712800000|100%| O|  |TAMS 0x0000000712600000, 0x0000000712600000| Untracked 
|  45|0x0000000712800000, 0x0000000712a00000, 0x0000000712a00000|100%| O|  |TAMS 0x0000000712800000, 0x0000000712800000| Untracked 
|  46|0x0000000712a00000, 0x0000000712c00000, 0x0000000712c00000|100%| O|  |TAMS 0x0000000712a00000, 0x0000000712a00000| Untracked 
|  47|0x0000000712c00000, 0x0000000712c00000, 0x0000000712e00000|  0%| F|  |TAMS 0x0000000712c00000, 0x0000000712c00000| Untracked 
|  48|0x0000000712e00000, 0x0000000712e00000, 0x0000000713000000|  0%| F|  |TAMS 0x0000000712e00000, 0x0000000712e00000| Untracked 
|  49|0x0000000713000000, 0x0000000713200000, 0x0000000713200000|100%| O|  |TAMS 0x0000000713200000, 0x0000000713000000| Untracked 
|  50|0x0000000713200000, 0x0000000713200000, 0x0000000713400000|  0%| F|  |TAMS 0x0000000713200000, 0x0000000713200000| Untracked 
|  51|0x0000000713400000, 0x0000000713400000, 0x0000000713600000|  0%| F|  |TAMS 0x0000000713400000, 0x0000000713400000| Untracked 
|  52|0x0000000713600000, 0x0000000713800000, 0x0000000713800000|100%| O|  |TAMS 0x0000000713800000, 0x0000000713600000| Complete 
|  53|0x0000000713800000, 0x0000000713800000, 0x0000000713a00000|  0%| F|  |TAMS 0x0000000713800000, 0x0000000713800000| Untracked 
|  54|0x0000000713a00000, 0x0000000713a00000, 0x0000000713c00000|  0%| F|  |TAMS 0x0000000713a00000, 0x0000000713a00000| Untracked 
|  55|0x0000000713c00000, 0x0000000713c00000, 0x0000000713e00000|  0%| F|  |TAMS 0x0000000713c00000, 0x0000000713c00000| Untracked 
|  56|0x0000000713e00000, 0x0000000713e00000, 0x0000000714000000|  0%| F|  |TAMS 0x0000000713e00000, 0x0000000713e00000| Untracked 
|  57|0x0000000714000000, 0x0000000714000000, 0x0000000714200000|  0%| F|  |TAMS 0x0000000714000000, 0x0000000714000000| Untracked 
|  58|0x0000000714200000, 0x0000000714200000, 0x0000000714400000|  0%| F|  |TAMS 0x0000000714200000, 0x0000000714200000| Untracked 
|  59|0x0000000714400000, 0x0000000714400000, 0x0000000714600000|  0%| F|  |TAMS 0x0000000714400000, 0x0000000714400000| Untracked 
|  60|0x0000000714600000, 0x0000000714600000, 0x0000000714800000|  0%| F|  |TAMS 0x0000000714600000, 0x0000000714600000| Untracked 
|  61|0x0000000714800000, 0x0000000714800000, 0x0000000714a00000|  0%| F|  |TAMS 0x0000000714800000, 0x0000000714800000| Untracked 
|  62|0x0000000714a00000, 0x0000000714a00000, 0x0000000714c00000|  0%| F|  |TAMS 0x0000000714a00000, 0x0000000714a00000| Untracked 
|  63|0x0000000714c00000, 0x0000000714c00000, 0x0000000714e00000|  0%| F|  |TAMS 0x0000000714c00000, 0x0000000714c00000| Untracked 
|  64|0x0000000714e00000, 0x0000000714e00000, 0x0000000715000000|  0%| F|  |TAMS 0x0000000714e00000, 0x0000000714e00000| Untracked 
|  65|0x0000000715000000, 0x0000000715000000, 0x0000000715200000|  0%| F|  |TAMS 0x0000000715000000, 0x0000000715000000| Untracked 
|  66|0x0000000715200000, 0x0000000715200000, 0x0000000715400000|  0%| F|  |TAMS 0x0000000715200000, 0x0000000715200000| Untracked 
|  67|0x0000000715400000, 0x0000000715400000, 0x0000000715600000|  0%| F|  |TAMS 0x0000000715400000, 0x0000000715400000| Untracked 
|  68|0x0000000715600000, 0x0000000715600000, 0x0000000715800000|  0%| F|  |TAMS 0x0000000715600000, 0x0000000715600000| Untracked 
|  69|0x0000000715800000, 0x0000000715800000, 0x0000000715a00000|  0%| F|  |TAMS 0x0000000715800000, 0x0000000715800000| Untracked 
|  70|0x0000000715a00000, 0x0000000715a00000, 0x0000000715c00000|  0%| F|  |TAMS 0x0000000715a00000, 0x0000000715a00000| Untracked 
|  71|0x0000000715c00000, 0x0000000715c00000, 0x0000000715e00000|  0%| F|  |TAMS 0x0000000715c00000, 0x0000000715c00000| Untracked 
|  72|0x0000000715e00000, 0x0000000715e00000, 0x0000000716000000|  0%| F|  |TAMS 0x0000000715e00000, 0x0000000715e00000| Untracked 
|  73|0x0000000716000000, 0x0000000716000000, 0x0000000716200000|  0%| F|  |TAMS 0x0000000716000000, 0x0000000716000000| Untracked 
|  74|0x0000000716200000, 0x0000000716200000, 0x0000000716400000|  0%| F|  |TAMS 0x0000000716200000, 0x0000000716200000| Untracked 
|  75|0x0000000716400000, 0x0000000716400000, 0x0000000716600000|  0%| F|  |TAMS 0x0000000716400000, 0x0000000716400000| Untracked 
|  76|0x0000000716600000, 0x0000000716600000, 0x0000000716800000|  0%| F|  |TAMS 0x0000000716600000, 0x0000000716600000| Untracked 
|  77|0x0000000716800000, 0x0000000716800000, 0x0000000716a00000|  0%| F|  |TAMS 0x0000000716800000, 0x0000000716800000| Untracked 
|  78|0x0000000716a00000, 0x0000000716a00000, 0x0000000716c00000|  0%| F|  |TAMS 0x0000000716a00000, 0x0000000716a00000| Untracked 
|  79|0x0000000716c00000, 0x0000000716c00000, 0x0000000716e00000|  0%| F|  |TAMS 0x0000000716c00000, 0x0000000716c00000| Untracked 
|  80|0x0000000716e00000, 0x0000000716e00000, 0x0000000717000000|  0%| F|  |TAMS 0x0000000716e00000, 0x0000000716e00000| Untracked 
|  81|0x0000000717000000, 0x0000000717000000, 0x0000000717200000|  0%| F|  |TAMS 0x0000000717000000, 0x0000000717000000| Untracked 
|  82|0x0000000717200000, 0x0000000717200000, 0x0000000717400000|  0%| F|  |TAMS 0x0000000717200000, 0x0000000717200000| Untracked 
|  83|0x0000000717400000, 0x0000000717400000, 0x0000000717600000|  0%| F|  |TAMS 0x0000000717400000, 0x0000000717400000| Untracked 
|  84|0x0000000717600000, 0x0000000717600000, 0x0000000717800000|  0%| F|  |TAMS 0x0000000717600000, 0x0000000717600000| Untracked 
|  85|0x0000000717800000, 0x0000000717800000, 0x0000000717a00000|  0%| F|  |TAMS 0x0000000717800000, 0x0000000717800000| Untracked 
|  86|0x0000000717a00000, 0x0000000717a00000, 0x0000000717c00000|  0%| F|  |TAMS 0x0000000717a00000, 0x0000000717a00000| Untracked 
|  87|0x0000000717c00000, 0x0000000717c00000, 0x0000000717e00000|  0%| F|  |TAMS 0x0000000717c00000, 0x0000000717c00000| Untracked 
|  88|0x0000000717e00000, 0x0000000717e00000, 0x0000000718000000|  0%| F|  |TAMS 0x0000000717e00000, 0x0000000717e00000| Untracked 
|  89|0x0000000718000000, 0x0000000718000000, 0x0000000718200000|  0%| F|  |TAMS 0x0000000718000000, 0x0000000718000000| Untracked 
|  90|0x0000000718200000, 0x0000000718200000, 0x0000000718400000|  0%| F|  |TAMS 0x0000000718200000, 0x0000000718200000| Untracked 
|  91|0x0000000718400000, 0x0000000718400000, 0x0000000718600000|  0%| F|  |TAMS 0x0000000718400000, 0x0000000718400000| Untracked 
|  92|0x0000000718600000, 0x0000000718600000, 0x0000000718800000|  0%| F|  |TAMS 0x0000000718600000, 0x0000000718600000| Untracked 
|  93|0x0000000718800000, 0x0000000718800000, 0x0000000718a00000|  0%| F|  |TAMS 0x0000000718800000, 0x0000000718800000| Untracked 
|  94|0x0000000718a00000, 0x0000000718a00000, 0x0000000718c00000|  0%| F|  |TAMS 0x0000000718a00000, 0x0000000718a00000| Untracked 
|  95|0x0000000718c00000, 0x0000000718d18c50, 0x0000000718e00000| 54%| S|CS|TAMS 0x0000000718c00000, 0x0000000718c00000| Complete 
|  96|0x0000000718e00000, 0x0000000718e00000, 0x0000000719000000|  0%| F|  |TAMS 0x0000000718e00000, 0x0000000718e00000| Untracked 
|  97|0x0000000719000000, 0x0000000719000000, 0x0000000719200000|  0%| F|  |TAMS 0x0000000719000000, 0x0000000719000000| Untracked 
|  98|0x0000000719200000, 0x0000000719200000, 0x0000000719400000|  0%| F|  |TAMS 0x0000000719200000, 0x0000000719200000| Untracked 
|  99|0x0000000719400000, 0x0000000719400000, 0x0000000719600000|  0%| F|  |TAMS 0x0000000719400000, 0x0000000719400000| Untracked 
| 100|0x0000000719600000, 0x0000000719600000, 0x0000000719800000|  0%| F|  |TAMS 0x0000000719600000, 0x0000000719600000| Untracked 
| 101|0x0000000719800000, 0x0000000719800000, 0x0000000719a00000|  0%| F|  |TAMS 0x0000000719800000, 0x0000000719800000| Untracked 
| 102|0x0000000719a00000, 0x0000000719a00000, 0x0000000719c00000|  0%| F|  |TAMS 0x0000000719a00000, 0x0000000719a00000| Untracked 
| 103|0x0000000719c00000, 0x0000000719c00000, 0x0000000719e00000|  0%| F|  |TAMS 0x0000000719c00000, 0x0000000719c00000| Untracked 
| 104|0x0000000719e00000, 0x0000000719e00000, 0x000000071a000000|  0%| F|  |TAMS 0x0000000719e00000, 0x0000000719e00000| Untracked 
| 105|0x000000071a000000, 0x000000071a000000, 0x000000071a200000|  0%| F|  |TAMS 0x000000071a000000, 0x000000071a000000| Untracked 
| 106|0x000000071a200000, 0x000000071a200000, 0x000000071a400000|  0%| F|  |TAMS 0x000000071a200000, 0x000000071a200000| Untracked 
| 107|0x000000071a400000, 0x000000071a400000, 0x000000071a600000|  0%| F|  |TAMS 0x000000071a400000, 0x000000071a400000| Untracked 
| 108|0x000000071a600000, 0x000000071a600000, 0x000000071a800000|  0%| F|  |TAMS 0x000000071a600000, 0x000000071a600000| Untracked 
| 109|0x000000071a800000, 0x000000071a800000, 0x000000071aa00000|  0%| F|  |TAMS 0x000000071a800000, 0x000000071a800000| Untracked 
| 110|0x000000071aa00000, 0x000000071aa00000, 0x000000071ac00000|  0%| F|  |TAMS 0x000000071aa00000, 0x000000071aa00000| Untracked 
| 111|0x000000071ac00000, 0x000000071ac00000, 0x000000071ae00000|  0%| F|  |TAMS 0x000000071ac00000, 0x000000071ac00000| Untracked 
| 112|0x000000071ae00000, 0x000000071ae00000, 0x000000071b000000|  0%| F|  |TAMS 0x000000071ae00000, 0x000000071ae00000| Untracked 
| 113|0x000000071b000000, 0x000000071b000000, 0x000000071b200000|  0%| F|  |TAMS 0x000000071b000000, 0x000000071b000000| Untracked 
| 114|0x000000071b200000, 0x000000071b200000, 0x000000071b400000|  0%| F|  |TAMS 0x000000071b200000, 0x000000071b200000| Untracked 
| 115|0x000000071b400000, 0x000000071b400000, 0x000000071b600000|  0%| F|  |TAMS 0x000000071b400000, 0x000000071b400000| Untracked 
| 116|0x000000071b600000, 0x000000071b600000, 0x000000071b800000|  0%| F|  |TAMS 0x000000071b600000, 0x000000071b600000| Untracked 
| 117|0x000000071b800000, 0x000000071b800000, 0x000000071ba00000|  0%| F|  |TAMS 0x000000071b800000, 0x000000071b800000| Untracked 
| 118|0x000000071ba00000, 0x000000071ba00000, 0x000000071bc00000|  0%| F|  |TAMS 0x000000071ba00000, 0x000000071ba00000| Untracked 
| 119|0x000000071bc00000, 0x000000071bc00000, 0x000000071be00000|  0%| F|  |TAMS 0x000000071bc00000, 0x000000071bc00000| Untracked 
| 120|0x000000071be00000, 0x000000071be00000, 0x000000071c000000|  0%| F|  |TAMS 0x000000071be00000, 0x000000071be00000| Untracked 
| 121|0x000000071c000000, 0x000000071c000000, 0x000000071c200000|  0%| F|  |TAMS 0x000000071c000000, 0x000000071c000000| Untracked 

Card table byte_map: [0x000001fbe9100000,0x000001fbe98a0000] _byte_map_base: 0x000001fbe5899000

Marking Bits (Prev, Next): (CMBitMap*) 0x000001fbdd8494b0, (CMBitMap*) 0x000001fbdd8494f0
 Prev Bits: [0x000001fbea040000, 0x000001fbedd08000)
 Next Bits: [0x000001fbedd10000, 0x000001fbf19d8000)

Polling page: 0x000001fbdb750000

Metaspace:

Usage:
  Non-class:     61.25 MB used.
      Class:      9.44 MB used.
       Both:     70.68 MB used.

Virtual space:
  Non-class space:       64.00 MB reserved,      61.50 MB ( 96%) committed,  1 nodes.
      Class space:        1.00 GB reserved,       9.69 MB ( <1%) committed,  1 nodes.
             Both:        1.06 GB reserved,      71.19 MB (  7%) committed. 

Chunk freelists:
   Non-Class:  2.09 MB
       Class:  6.20 MB
        Both:  8.29 MB

MaxMetaspaceSize: unlimited
CompressedClassSpaceSize: 1.00 GB
Initial GC threshold: 21.00 MB
Current GC threshold: 118.69 MB
CDS: on
MetaspaceReclaimPolicy: balanced
 - commit_granule_bytes: 65536.
 - commit_granule_words: 8192.
 - virtual_space_node_default_size: 8388608.
 - enlarge_chunks_in_place: 1.
 - new_chunks_are_fully_committed: 0.
 - uncommit_free_chunks: 1.
 - use_allocation_guard: 0.
 - handle_deallocations: 1.


Internal statistics:

num_allocs_failed_limit: 9.
num_arena_births: 720.
num_arena_deaths: 0.
num_vsnodes_births: 2.
num_vsnodes_deaths: 0.
num_space_committed: 1139.
num_space_uncommitted: 0.
num_chunks_returned_to_freelist: 9.
num_chunks_taken_from_freelist: 3454.
num_chunk_merges: 9.
num_chunk_splits: 2397.
num_chunks_enlarged: 1795.
num_inconsistent_stats: 0.

CodeCache: size=49152Kb used=21210Kb max_used=21210Kb free=27941Kb
 bounds [0x000001fbe5300000, 0x000001fbe67c0000, 0x000001fbe8300000]
 total_blobs=8739 nmethods=8073 adapters=581
 compilation: enabled
              stopped_count=0, restarted_count=0
 full_count=0

Compilation events (20 events):
Event: 8.664 Thread 0x000001fbf4cb0720 8065       1       java.lang.ClassLoader::checkCreateClassLoader (5 bytes)
Event: 8.664 Thread 0x000001fbf4cb0720 nmethod 8065 0x000001fbe67b2b90 code [0x000001fbe67b2d20, 0x000001fbe67b2e08]
Event: 8.670 Thread 0x000001fbf9f2a050 8066       1       jdk.internal.reflect.UnsafeObjectFieldAccessorImpl::get (17 bytes)
Event: 8.671 Thread 0x000001fbf9f2a050 nmethod 8066 0x000001fbe67b2f10 code [0x000001fbe67b30e0, 0x000001fbe67b33f8]
Event: 8.676 Thread 0x000001fbf9f1fee0 8067       1       io.github.classgraph.ClasspathElementZip$1::close (28 bytes)
Event: 8.676 Thread 0x000001fbf9f1fee0 nmethod 8067 0x000001fbe67b3610 code [0x000001fbe67b37e0, 0x000001fbe67b3b78]
Event: 8.679 Thread 0x000001fbf9f29b30 8068       1       nonapi.io.github.classgraph.scanspec.AcceptReject::<init> (10 bytes)
Event: 8.680 Thread 0x000001fbf4cb2730 8069       1       nonapi.io.github.classgraph.scanspec.AcceptReject::sortPrefixes (51 bytes)
Event: 8.680 Thread 0x000001fbf9f29b30 nmethod 8068 0x000001fbe67b3d90 code [0x000001fbe67b3f20, 0x000001fbe67b3ff8]
Event: 8.680 Thread 0x000001fbf4cb2730 nmethod 8069 0x000001fbe67b4090 code [0x000001fbe67b4260, 0x000001fbe67b4528]
Event: 8.681 Thread 0x000001fbf9e99800 8070       1       jdk.internal.reflect.ClassFileAssembler::opc_sipush (16 bytes)
Event: 8.681 Thread 0x000001fbf4cb0720 8071       1       java.lang.WeakPairMap::expungeStaleAssociations (31 bytes)
Event: 8.681 Thread 0x000001fbf9e99800 nmethod 8070 0x000001fbe67b4690 code [0x000001fbe67b4860, 0x000001fbe67b4aa8]
Event: 8.681 Thread 0x000001fbf9dad050 8072       1       java.lang.WeakPairMap$Pair::lookup (10 bytes)
Event: 8.681 Thread 0x000001fbf4cb2730 8073       1       java.lang.WeakPairMap$Pair$Lookup::<init> (21 bytes)
Event: 8.681 Thread 0x000001fbf4cb0720 nmethod 8071 0x000001fbe67b4c90 code [0x000001fbe67b4e60, 0x000001fbe67b5128]
Event: 8.681 Thread 0x000001fbf9dad050 nmethod 8072 0x000001fbe67b5310 code [0x000001fbe67b54c0, 0x000001fbe67b57d8]
Event: 8.682 Thread 0x000001fbf4cb2730 nmethod 8073 0x000001fbe67b5910 code [0x000001fbe67b5ac0, 0x000001fbe67b5d98]
Event: 8.708 Thread 0x000001fbf9f1eda0 8074       1       java.lang.management.MemoryUsage::<init> (170 bytes)
Event: 8.709 Thread 0x000001fbf9f1eda0 nmethod 8074 0x000001fbe67b5e90 code [0x000001fbe67b60e0, 0x000001fbe67b6758]

GC Heap History (20 events):
Event: 7.731 GC heap after
{Heap after GC invocations=23 (full 0):
 garbage-first heap   total 131072K, used 55756K [0x000000070ce00000, 0x0000000800000000)
  region size 2048K, 3 young (6144K), 3 survivors (6144K)
 Metaspace       used 71208K, committed 71744K, reserved 1114112K
  class space    used 9522K, committed 9792K, reserved 1048576K
}
Event: 7.992 GC heap before
{Heap before GC invocations=23 (full 0):
 garbage-first heap   total 131072K, used 102860K [0x000000070ce00000, 0x0000000800000000)
  region size 2048K, 27 young (55296K), 3 survivors (6144K)
 Metaspace       used 72274K, committed 72832K, reserved 1114112K
  class space    used 9647K, committed 9920K, reserved 1048576K
}
Event: 7.997 GC heap after
{Heap after GC invocations=24 (full 0):
 garbage-first heap   total 131072K, used 64258K [0x000000070ce00000, 0x0000000800000000)
  region size 2048K, 4 young (8192K), 4 survivors (8192K)
 Metaspace       used 72274K, committed 72832K, reserved 1114112K
  class space    used 9647K, committed 9920K, reserved 1048576K
}
Event: 8.059 GC heap before
{Heap before GC invocations=24 (full 0):
 garbage-first heap   total 131072K, used 101122K [0x000000070ce00000, 0x0000000800000000)
  region size 2048K, 23 young (47104K), 4 survivors (8192K)
 Metaspace       used 72287K, committed 72832K, reserved 1114112K
  class space    used 9649K, committed 9920K, reserved 1048576K
}
Event: 8.063 GC heap after
{Heap after GC invocations=25 (full 0):
 garbage-first heap   total 131072K, used 72775K [0x000000070ce00000, 0x0000000800000000)
  region size 2048K, 3 young (6144K), 3 survivors (6144K)
 Metaspace       used 72287K, committed 72832K, reserved 1114112K
  class space    used 9649K, committed 9920K, reserved 1048576K
}
Event: 8.187 GC heap before
{Heap before GC invocations=25 (full 0):
 garbage-first heap   total 131072K, used 99399K [0x000000070ce00000, 0x0000000800000000)
  region size 2048K, 17 young (34816K), 3 survivors (6144K)
 Metaspace       used 72364K, committed 72896K, reserved 1114112K
  class space    used 9659K, committed 9920K, reserved 1048576K
}
Event: 8.191 GC heap after
{Heap after GC invocations=26 (full 0):
 garbage-first heap   total 167936K, used 82900K [0x000000070ce00000, 0x0000000800000000)
  region size 2048K, 3 young (6144K), 3 survivors (6144K)
 Metaspace       used 72364K, committed 72896K, reserved 1114112K
  class space    used 9659K, committed 9920K, reserved 1048576K
}
Event: 8.295 GC heap before
{Heap before GC invocations=27 (full 0):
 garbage-first heap   total 167936K, used 119764K [0x000000070ce00000, 0x0000000800000000)
  region size 2048K, 22 young (45056K), 3 survivors (6144K)
 Metaspace       used 72364K, committed 72896K, reserved 1114112K
  class space    used 9659K, committed 9920K, reserved 1048576K
}
Event: 8.299 GC heap after
{Heap after GC invocations=28 (full 0):
 garbage-first heap   total 167936K, used 91698K [0x000000070ce00000, 0x0000000800000000)
  region size 2048K, 3 young (6144K), 3 survivors (6144K)
 Metaspace       used 72364K, committed 72896K, reserved 1114112K
  class space    used 9659K, committed 9920K, reserved 1048576K
}
Event: 8.346 GC heap before
{Heap before GC invocations=28 (full 0):
 garbage-first heap   total 167936K, used 122418K [0x000000070ce00000, 0x0000000800000000)
  region size 2048K, 19 young (38912K), 3 survivors (6144K)
 Metaspace       used 72364K, committed 72896K, reserved 1114112K
  class space    used 9659K, committed 9920K, reserved 1048576K
}
Event: 8.349 GC heap after
{Heap after GC invocations=29 (full 0):
 garbage-first heap   total 167936K, used 99984K [0x000000070ce00000, 0x0000000800000000)
  region size 2048K, 3 young (6144K), 3 survivors (6144K)
 Metaspace       used 72364K, committed 72896K, reserved 1114112K
  class space    used 9659K, committed 9920K, reserved 1048576K
}
Event: 8.477 GC heap before
{Heap before GC invocations=30 (full 0):
 garbage-first heap   total 198656K, used 126608K [0x000000070ce00000, 0x0000000800000000)
  region size 2048K, 17 young (34816K), 3 survivors (6144K)
 Metaspace       used 72371K, committed 72896K, reserved 1114112K
  class space    used 9661K, committed 9920K, reserved 1048576K
}
Event: 8.482 GC heap after
{Heap after GC invocations=31 (full 0):
 garbage-first heap   total 198656K, used 109571K [0x000000070ce00000, 0x0000000800000000)
  region size 2048K, 3 young (6144K), 3 survivors (6144K)
 Metaspace       used 72371K, committed 72896K, reserved 1114112K
  class space    used 9661K, committed 9920K, reserved 1048576K
}
Event: 8.484 GC heap before
{Heap before GC invocations=31 (full 0):
 garbage-first heap   total 198656K, used 111619K [0x000000070ce00000, 0x0000000800000000)
  region size 2048K, 4 young (8192K), 3 survivors (6144K)
 Metaspace       used 72371K, committed 72896K, reserved 1114112K
  class space    used 9661K, committed 9920K, reserved 1048576K
}
Event: 8.486 GC heap after
{Heap after GC invocations=32 (full 0):
 garbage-first heap   total 198656K, used 92581K [0x000000070ce00000, 0x0000000800000000)
  region size 2048K, 1 young (2048K), 1 survivors (2048K)
 Metaspace       used 72371K, committed 72896K, reserved 1114112K
  class space    used 9661K, committed 9920K, reserved 1048576K
}
Event: 8.590 GC heap before
{Heap before GC invocations=32 (full 0):
 garbage-first heap   total 198656K, used 137637K [0x000000070ce00000, 0x0000000800000000)
  region size 2048K, 24 young (49152K), 1 survivors (2048K)
 Metaspace       used 72372K, committed 72896K, reserved 1114112K
  class space    used 9661K, committed 9920K, reserved 1048576K
}
Event: 8.593 GC heap after
{Heap after GC invocations=33 (full 0):
 garbage-first heap   total 198656K, used 103936K [0x000000070ce00000, 0x0000000800000000)
  region size 2048K, 3 young (6144K), 3 survivors (6144K)
 Metaspace       used 72372K, committed 72896K, reserved 1114112K
  class space    used 9661K, committed 9920K, reserved 1048576K
}
Event: 8.704 GC heap before
{Heap before GC invocations=34 (full 0):
 garbage-first heap   total 198656K, used 138752K [0x000000070ce00000, 0x0000000800000000)
  region size 2048K, 23 young (47104K), 3 survivors (6144K)
 Metaspace       used 72380K, committed 72896K, reserved 1114112K
  class space    used 9663K, committed 9920K, reserved 1048576K
}
Event: 8.708 GC heap after
{Heap after GC invocations=35 (full 0):
 garbage-first heap   total 198656K, used 109626K [0x000000070ce00000, 0x0000000800000000)
  region size 2048K, 3 young (6144K), 3 survivors (6144K)
 Metaspace       used 72380K, committed 72896K, reserved 1114112K
  class space    used 9663K, committed 9920K, reserved 1048576K
}
Event: 8.740 GC heap before
{Heap before GC invocations=35 (full 0):
 garbage-first heap   total 198656K, used 111674K [0x000000070ce00000, 0x0000000800000000)
  region size 2048K, 4 young (8192K), 3 survivors (6144K)
 Metaspace       used 72380K, committed 72896K, reserved 1114112K
  class space    used 9663K, committed 9920K, reserved 1048576K
}

Dll operation events (13 events):
Event: 0.016 Loaded shared library C:\Users\lenovo\.jdks\ms-17.0.15\bin\java.dll
Event: 0.028 Loaded shared library C:\Users\lenovo\.jdks\ms-17.0.15\bin\jsvml.dll
Event: 0.480 Loaded shared library C:\Users\lenovo\.jdks\ms-17.0.15\bin\zip.dll
Event: 0.486 Loaded shared library C:\Users\lenovo\.jdks\ms-17.0.15\bin\instrument.dll
Event: 0.493 Loaded shared library C:\Users\lenovo\.jdks\ms-17.0.15\bin\net.dll
Event: 0.497 Loaded shared library C:\Users\lenovo\.jdks\ms-17.0.15\bin\nio.dll
Event: 0.500 Loaded shared library C:\Users\lenovo\.jdks\ms-17.0.15\bin\zip.dll
Event: 0.548 Loaded shared library C:\Users\lenovo\.jdks\ms-17.0.15\bin\jimage.dll
Event: 0.744 Loaded shared library C:\Users\lenovo\.jdks\ms-17.0.15\bin\extnet.dll
Event: 0.752 Loaded shared library C:\Users\lenovo\.jdks\ms-17.0.15\bin\management.dll
Event: 0.765 Loaded shared library C:\Users\lenovo\.jdks\ms-17.0.15\bin\management_ext.dll
Event: 1.012 Loaded shared library C:\Users\lenovo\.jdks\ms-17.0.15\bin\verify.dll
Event: 3.973 Loaded shared library C:\Users\lenovo\.jdks\ms-17.0.15\bin\sunmscapi.dll

Deoptimization events (6 events):
Event: 4.388 Thread 0x000001fbdd7dd510 DEOPT PACKING pc=0x000001fbe5b461da sp=0x000000dd218fad80
Event: 4.388 Thread 0x000001fbdd7dd510 DEOPT UNPACKING pc=0x000001fbe535ace3 sp=0x000000dd218fa288 mode 3
Event: 7.208 Thread 0x000001fbdd7dd510 DEOPT PACKING pc=0x000001fbe5b3ddcc sp=0x000000dd218fa9e0
Event: 7.208 Thread 0x000001fbdd7dd510 DEOPT UNPACKING pc=0x000001fbe535ace3 sp=0x000000dd218f9f38 mode 0
Event: 7.602 Thread 0x000001fbdd7dd510 DEOPT PACKING pc=0x000001fbe661e44c sp=0x000000dd218fdc10
Event: 7.602 Thread 0x000001fbdd7dd510 DEOPT UNPACKING pc=0x000001fbe535ace3 sp=0x000000dd218fd018 mode 0

Classes loaded (20 events):
Event: 7.799 Loading class java/lang/StackStreamFactory$1
Event: 7.799 Loading class java/lang/StackStreamFactory$1 done
Event: 7.799 Loading class java/lang/StackStreamFactory$StackFrameTraverser$StackFrameBuffer
Event: 7.799 Loading class java/lang/StackStreamFactory$FrameBuffer
Event: 7.799 Loading class java/lang/StackStreamFactory$FrameBuffer done
Event: 7.799 Loading class java/lang/StackStreamFactory$StackFrameTraverser$StackFrameBuffer done
Event: 7.802 Loading class java/lang/LayerInstantiationException
Event: 7.802 Loading class java/lang/LayerInstantiationException done
Event: 7.802 Loading class jdk/internal/loader/Loader
Event: 7.802 Loading class jdk/internal/loader/Loader done
Event: 7.808 Loading class java/io/IOError
Event: 7.808 Loading class java/io/IOError done
Event: 7.816 Loading class java/util/AbstractMap$SimpleEntry
Event: 7.816 Loading class java/util/AbstractMap$SimpleEntry done
Event: 7.855 Loading class sun/nio/fs/WindowsLinkSupport
Event: 7.855 Loading class sun/nio/fs/WindowsLinkSupport done
Event: 7.885 Loading class java/util/zip/DataFormatException
Event: 7.886 Loading class java/util/zip/DataFormatException done
Event: 8.080 Loading class java/lang/StringIndexOutOfBoundsException
Event: 8.080 Loading class java/lang/StringIndexOutOfBoundsException done

Classes unloaded (0 events):
No events

Classes redefined (0 events):
No events

Internal exceptions (20 events):
Event: 8.716 Thread 0x000001fbfc7cba50 Exception <a 'sun/nio/fs/WindowsException'{0x000000071c0780b0}> (0x000000071c0780b0) 
thrown [s\src\hotspot\share\prims\jni.cpp, line 516]
Event: 8.716 Thread 0x000001fbfc7cba50 Exception <a 'sun/nio/fs/WindowsException'{0x000000071c078320}> (0x000000071c078320) 
thrown [s\src\hotspot\share\prims\jni.cpp, line 516]
Event: 8.716 Thread 0x000001fbfc7cba50 Exception <a 'sun/nio/fs/WindowsException'{0x000000071c07a838}> (0x000000071c07a838) 
thrown [s\src\hotspot\share\prims\jni.cpp, line 516]
Event: 8.716 Thread 0x000001fbfc7cba50 Exception <a 'sun/nio/fs/WindowsException'{0x000000071c07aad8}> (0x000000071c07aad8) 
thrown [s\src\hotspot\share\prims\jni.cpp, line 516]
Event: 8.716 Thread 0x000001fbfc7cba50 Exception <a 'sun/nio/fs/WindowsException'{0x000000071c07b4c8}> (0x000000071c07b4c8) 
thrown [s\src\hotspot\share\prims\jni.cpp, line 516]
Event: 8.717 Thread 0x000001fbfc7cba50 Exception <a 'sun/nio/fs/WindowsException'{0x000000071c07c0a0}> (0x000000071c07c0a0) 
thrown [s\src\hotspot\share\prims\jni.cpp, line 516]
Event: 8.717 Thread 0x000001fbfc7cba50 Exception <a 'sun/nio/fs/WindowsException'{0x000000071c07c8c0}> (0x000000071c07c8c0) 
thrown [s\src\hotspot\share\prims\jni.cpp, line 516]
Event: 8.717 Thread 0x000001fbfc7cba50 Exception <a 'sun/nio/fs/WindowsException'{0x000000071c07e980}> (0x000000071c07e980) 
thrown [s\src\hotspot\share\prims\jni.cpp, line 516]
Event: 8.717 Thread 0x000001fbfc7cba50 Exception <a 'sun/nio/fs/WindowsException'{0x000000071c07f230}> (0x000000071c07f230) 
thrown [s\src\hotspot\share\prims\jni.cpp, line 516]
Event: 8.717 Thread 0x000001fbfc7cba50 Exception <a 'sun/nio/fs/WindowsException'{0x000000071c07f488}> (0x000000071c07f488) 
thrown [s\src\hotspot\share\prims\jni.cpp, line 516]
Event: 8.717 Thread 0x000001fbfc7cba50 Exception <a 'sun/nio/fs/WindowsException'{0x000000071c080780}> (0x000000071c080780) 
thrown [s\src\hotspot\share\prims\jni.cpp, line 516]
Event: 8.718 Thread 0x000001fbfc7cba50 Exception <a 'sun/nio/fs/WindowsException'{0x000000071c0809c0}> (0x000000071c0809c0) 
thrown [s\src\hotspot\share\prims\jni.cpp, line 516]
Event: 8.718 Thread 0x000001fbfc7cba50 Exception <a 'sun/nio/fs/WindowsException'{0x000000071c081bd0}> (0x000000071c081bd0) 
thrown [s\src\hotspot\share\prims\jni.cpp, line 516]
Event: 8.718 Thread 0x000001fbfc7cba50 Exception <a 'sun/nio/fs/WindowsException'{0x000000071c081e28}> (0x000000071c081e28) 
thrown [s\src\hotspot\share\prims\jni.cpp, line 516]
Event: 8.718 Thread 0x000001fbfc7cba50 Exception <a 'sun/nio/fs/WindowsException'{0x000000071c083b78}> (0x000000071c083b78) 
thrown [s\src\hotspot\share\prims\jni.cpp, line 516]
Event: 8.718 Thread 0x000001fbfc7cba50 Exception <a 'sun/nio/fs/WindowsException'{0x000000071c083de8}> (0x000000071c083de8) 
thrown [s\src\hotspot\share\prims\jni.cpp, line 516]
Event: 8.718 Thread 0x000001fbfc7cba50 Exception <a 'sun/nio/fs/WindowsException'{0x000000071c0846d0}> (0x000000071c0846d0) 
thrown [s\src\hotspot\share\prims\jni.cpp, line 516]
Event: 8.719 Thread 0x000001fbfc7cba50 Exception <a 'sun/nio/fs/WindowsException'{0x000000071c084960}> (0x000000071c084960) 
thrown [s\src\hotspot\share\prims\jni.cpp, line 516]
Event: 8.719 Thread 0x000001fbfc7cba50 Exception <a 'sun/nio/fs/WindowsException'{0x000000071c086e30}> (0x000000071c086e30) 
thrown [s\src\hotspot\share\prims\jni.cpp, line 516]
Event: 8.719 Thread 0x000001fbfc7cba50 Exception <a 'sun/nio/fs/WindowsException'{0x000000071c0870b8}> (0x000000071c0870b8) 
thrown [s\src\hotspot\share\prims\jni.cpp, line 516]

VM Operations (20 events):
Event: 8.299 Executing VM operation: G1CollectForAllocation done
Event: 8.346 Executing VM operation: G1CollectForAllocation
Event: 8.349 Executing VM operation: G1CollectForAllocation done
Event: 8.371 Executing VM operation: G1PauseRemark
Event: 8.375 Executing VM operation: G1PauseRemark done
Event: 8.384 Executing VM operation: G1PauseCleanup
Event: 8.384 Executing VM operation: G1PauseCleanup done
Event: 8.477 Executing VM operation: G1CollectForAllocation
Event: 8.482 Executing VM operation: G1CollectForAllocation done
Event: 8.484 Executing VM operation: G1CollectForAllocation
Event: 8.486 Executing VM operation: G1CollectForAllocation done
Event: 8.590 Executing VM operation: G1CollectForAllocation
Event: 8.593 Executing VM operation: G1CollectForAllocation done
Event: 8.617 Executing VM operation: G1PauseRemark
Event: 8.621 Executing VM operation: G1PauseRemark done
Event: 8.631 Executing VM operation: G1PauseCleanup
Event: 8.632 Executing VM operation: G1PauseCleanup done
Event: 8.704 Executing VM operation: G1CollectForAllocation
Event: 8.708 Executing VM operation: G1CollectForAllocation done
Event: 8.740 Executing VM operation: G1CollectForAllocation

Memory protections (0 events):
No events

Nmethod flushes (0 events):
No events

Events (20 events):
Event: 8.714 Thread 0x000001fbfc7cc470 Thread added: 0x000001fbfc7ce7e0
Event: 8.714 Thread 0x000001fbfc7cc470 Thread added: 0x000001fbfc7cb030
Event: 8.714 Thread 0x000001fbfc7cc470 Thread added: 0x000001fbfc7d0640
Event: 8.714 Thread 0x000001fbfc7cc470 Thread added: 0x000001fbfc7d1060
Event: 8.714 Thread 0x000001fbfc7cc470 Thread added: 0x000001fbfc7cfc20
Event: 8.714 Thread 0x000001fbfc7cc470 Thread added: 0x000001fbfc7d1570
Event: 8.714 Thread 0x000001fbfc7cc470 Thread added: 0x000001fbfc7cecf0
Event: 8.714 Thread 0x000001fbfc7cc470 Thread added: 0x000001fbfc7d0130
Event: 8.714 Thread 0x000001fbfc7cc470 Thread added: 0x000001fbfc7d1a80
Event: 8.714 Thread 0x000001fbfc7cc470 Thread added: 0x000001fbfc7d1f90
Event: 8.714 Thread 0x000001fbfc7cc470 Thread added: 0x000001fbfc7d0b50
Event: 8.714 Thread 0x000001fbfc7cc470 Thread added: 0x000001fbfc7d24a0
Event: 8.714 Thread 0x000001fbfc7cc470 Thread added: 0x000001fbfc7d29b0
Event: 8.714 Thread 0x000001fbfc7cc470 Thread added: 0x000001fbfc7cf200
Event: 8.714 Thread 0x000001fbfc7cc470 Thread added: 0x000001fbfc7cf710
Event: 8.715 Thread 0x000001fbfc7cc470 Thread added: 0x000001fbfccccb50
Event: 8.715 Thread 0x000001fbfc7cc470 Thread added: 0x000001fbfcccacf0
Event: 8.715 Thread 0x000001fbfc7cc470 Thread added: 0x000001fbfcccb710
Event: 8.715 Thread 0x000001fbfc7cc470 Thread added: 0x000001fbfcccc130
Event: 8.715 Thread 0x000001fbfc7cc470 Thread added: 0x000001fbfcccb200


Dynamic libraries:
0x00007ff7ac050000 - 0x00007ff7ac05e000 	C:\Users\lenovo\.jdks\ms-17.0.15\bin\java.exe
0x00007ffcaffe0000 - 0x00007ffcb0249000 	C:\WINDOWS\SYSTEM32\ntdll.dll
0x00007ffcaf340000 - 0x00007ffcaf409000 	C:\WINDOWS\System32\KERNEL32.DLL
0x00007ffcad640000 - 0x00007ffcada33000 	C:\WINDOWS\System32\KERNELBASE.dll
0x00007ffcad380000 - 0x00007ffcad4cb000 	C:\WINDOWS\System32\ucrtbase.dll
0x00007ffc37a30000 - 0x00007ffc37a4d000 	C:\Users\lenovo\.jdks\ms-17.0.15\bin\VCRUNTIME140.dll
0x00007ffc37a50000 - 0x00007ffc37a67000 	C:\Users\lenovo\.jdks\ms-17.0.15\bin\jli.dll
0x00007ffcaf820000 - 0x00007ffcaf9e4000 	C:\WINDOWS\System32\USER32.dll
0x00007ffcad580000 - 0x00007ffcad5a7000 	C:\WINDOWS\System32\win32u.dll
0x00007ffc96020000 - 0x00007ffc962b3000 	C:\WINDOWS\WinSxS\amd64_microsoft.windows.common-controls_6595b64144ccf1df_6.0.26100.5074_none_3e0d6f78e32fd63f\COMCTL32.dll
0x00007ffcafae0000 - 0x00007ffcafb0b000 	C:\WINDOWS\System32\GDI32.dll
0x00007ffcaf4f0000 - 0x00007ffcaf599000 	C:\WINDOWS\System32\msvcrt.dll
0x00007ffcadc80000 - 0x00007ffcaddad000 	C:\WINDOWS\System32\gdi32full.dll
0x00007ffcad4d0000 - 0x00007ffcad573000 	C:\WINDOWS\System32\msvcp_win.dll
0x00007ffcaf7e0000 - 0x00007ffcaf80f000 	C:\WINDOWS\System32\IMM32.DLL
0x00007ffc6a110000 - 0x00007ffc6a11c000 	C:\Users\lenovo\.jdks\ms-17.0.15\bin\vcruntime140_1.dll
0x00007ffc379a0000 - 0x00007ffc37a2d000 	C:\Users\lenovo\.jdks\ms-17.0.15\bin\msvcp140.dll
0x00007ffb6a0b0000 - 0x00007ffb6ad22000 	C:\Users\lenovo\.jdks\ms-17.0.15\bin\server\jvm.dll
0x00007ffcaf060000 - 0x00007ffcaf114000 	C:\WINDOWS\System32\ADVAPI32.dll
0x00007ffcadeb0000 - 0x00007ffcadf56000 	C:\WINDOWS\System32\sechost.dll
0x00007ffcaf120000 - 0x00007ffcaf238000 	C:\WINDOWS\System32\RPCRT4.dll
0x00007ffcaed30000 - 0x00007ffcaeda4000 	C:\WINDOWS\System32\WS2_32.dll
0x00007ffcabd90000 - 0x00007ffcabdee000 	C:\WINDOWS\SYSTEM32\POWRPROF.dll
0x00007ffca1390000 - 0x00007ffca13c5000 	C:\WINDOWS\SYSTEM32\WINMM.dll
0x00007ffca5300000 - 0x00007ffca530b000 	C:\WINDOWS\SYSTEM32\VERSION.dll
0x00007ffcabd70000 - 0x00007ffcabd84000 	C:\WINDOWS\SYSTEM32\UMPDC.dll
0x00007ffcac070000 - 0x00007ffcac08b000 	C:\WINDOWS\SYSTEM32\kernel.appcore.dll
0x00007ffc68e50000 - 0x00007ffc68e5a000 	C:\Users\lenovo\.jdks\ms-17.0.15\bin\jimage.dll
0x00007ffcaa960000 - 0x00007ffcaaba2000 	C:\WINDOWS\SYSTEM32\DBGHELP.DLL
0x00007ffcae130000 - 0x00007ffcae4ab000 	C:\WINDOWS\System32\combase.dll
0x00007ffcae500000 - 0x00007ffcae5d7000 	C:\WINDOWS\System32\OLEAUT32.dll
0x00007ffc967d0000 - 0x00007ffc9680d000 	C:\WINDOWS\SYSTEM32\dbgcore.DLL
0x00007ffcad2e0000 - 0x00007ffcad379000 	C:\WINDOWS\System32\bcryptPrimitives.dll
0x00007ffc68dc0000 - 0x00007ffc68dce000 	C:\Users\lenovo\.jdks\ms-17.0.15\bin\instrument.dll
0x00007ffc37970000 - 0x00007ffc37995000 	C:\Users\lenovo\.jdks\ms-17.0.15\bin\java.dll
0x00007ffc0b0d0000 - 0x00007ffc0b1a6000 	C:\Users\lenovo\.jdks\ms-17.0.15\bin\jsvml.dll
0x00007ffcae5e0000 - 0x00007ffcaed2d000 	C:\WINDOWS\System32\SHELL32.dll
0x00007ffcad170000 - 0x00007ffcad2dc000 	C:\WINDOWS\System32\wintypes.dll
0x00007ffcaadb0000 - 0x00007ffcab609000 	C:\WINDOWS\SYSTEM32\windows.storage.dll
0x00007ffcaf240000 - 0x00007ffcaf330000 	C:\WINDOWS\System32\SHCORE.dll
0x00007ffcae0c0000 - 0x00007ffcae122000 	C:\WINDOWS\System32\shlwapi.dll
0x00007ffcad090000 - 0x00007ffcad0b9000 	C:\WINDOWS\SYSTEM32\profapi.dll
0x00007ffc37910000 - 0x00007ffc37928000 	C:\Users\lenovo\.jdks\ms-17.0.15\bin\zip.dll
0x00007ffc37950000 - 0x00007ffc3796a000 	C:\Users\lenovo\.jdks\ms-17.0.15\bin\net.dll
0x00007ffca5b00000 - 0x00007ffca5c1f000 	C:\WINDOWS\SYSTEM32\WINHTTP.dll
0x00007ffcac5f0000 - 0x00007ffcac65b000 	C:\WINDOWS\system32\mswsock.dll
0x00007ffc37930000 - 0x00007ffc37946000 	C:\Users\lenovo\.jdks\ms-17.0.15\bin\nio.dll
0x00007ffcabb40000 - 0x00007ffcabc66000 	C:\WINDOWS\SYSTEM32\DNSAPI.dll
0x00007ffcabb00000 - 0x00007ffcabb34000 	C:\WINDOWS\SYSTEM32\IPHLPAPI.DLL
0x00007ffcaf5c0000 - 0x00007ffcaf5ca000 	C:\WINDOWS\System32\NSI.dll
0x00007ffca6230000 - 0x00007ffca623b000 	C:\Windows\System32\rasadhlp.dll
0x00007ffca6c90000 - 0x00007ffca6d16000 	C:\WINDOWS\System32\fwpuclnt.dll
0x00007ffc36db0000 - 0x00007ffc36db9000 	C:\Users\lenovo\.jdks\ms-17.0.15\bin\extnet.dll
0x00007ffc36a40000 - 0x00007ffc36a4a000 	C:\Users\lenovo\.jdks\ms-17.0.15\bin\management.dll
0x00007ffc36a30000 - 0x00007ffc36a3b000 	C:\Users\lenovo\.jdks\ms-17.0.15\bin\management_ext.dll
0x00007ffcaf5b0000 - 0x00007ffcaf5b8000 	C:\WINDOWS\System32\PSAPI.DLL
0x00007ffcac8a0000 - 0x00007ffcac8bb000 	C:\WINDOWS\SYSTEM32\CRYPTSP.dll
0x00007ffcabfd0000 - 0x00007ffcac00b000 	C:\WINDOWS\system32\rsaenh.dll
0x00007ffcac690000 - 0x00007ffcac6bb000 	C:\WINDOWS\SYSTEM32\USERENV.dll
0x00007ffcad060000 - 0x00007ffcad086000 	C:\WINDOWS\SYSTEM32\bcrypt.dll
0x00007ffcac890000 - 0x00007ffcac89c000 	C:\WINDOWS\SYSTEM32\CRYPTBASE.dll
0x00007ffca6670000 - 0x00007ffca668e000 	C:\WINDOWS\SYSTEM32\dhcpcsvc6.DLL
0x00007ffca6200000 - 0x00007ffca6223000 	C:\WINDOWS\SYSTEM32\dhcpcsvc.DLL
0x00007ffc7e8d0000 - 0x00007ffc7e8e8000 	C:\WINDOWS\system32\napinsp.dll
0x00007ffc7e8b0000 - 0x00007ffc7e8c2000 	C:\WINDOWS\System32\winrnr.dll
0x00007ffc7e770000 - 0x00007ffc7e798000 	C:\WINDOWS\system32\nlansp_c.dll
0x00007ffca5310000 - 0x00007ffca5326000 	C:\WINDOWS\system32\wshbth.dll
0x00007ffc30000000 - 0x00007ffc30010000 	C:\Users\lenovo\.jdks\ms-17.0.15\bin\verify.dll
0x00007ffc952f0000 - 0x00007ffc95346000 	C:\WINDOWS\SYSTEM32\pdh.dll
0x00007ffc28a00000 - 0x00007ffc28a12000 	C:\WINDOWS\System32\perfproc.dll
0x00007ffc77180000 - 0x00007ffc77191000 	C:\WINDOWS\System32\perfos.dll
0x00007ffcab640000 - 0x00007ffcab652000 	C:\WINDOWS\SYSTEM32\pfclient.dll
0x00007ffc37900000 - 0x00007ffc3790e000 	C:\Users\lenovo\.jdks\ms-17.0.15\bin\sunmscapi.dll
0x00007ffcada40000 - 0x00007ffcadbb7000 	C:\WINDOWS\System32\CRYPT32.dll
0x00007ffcacab0000 - 0x00007ffcacae0000 	C:\WINDOWS\SYSTEM32\ncrypt.dll
0x00007ffcaca60000 - 0x00007ffcaca9f000 	C:\WINDOWS\SYSTEM32\NTASN1.dll
0x00007ffbbb910000 - 0x00007ffbbb918000 	C:\WINDOWS\system32\wshunix.dll

dbghelp: loaded successfully - version: 4.0.5 - missing functions: none
symbol engine: initialized successfully - sym options: 0x614 - pdb path: .;C:\Users\lenovo\.jdks\ms-17.0.15\bin;C:\WINDOWS\SYSTEM32;C:\WINDOWS\WinSxS\amd64_microsoft.windows.common-controls_6595b64144ccf1df_6.0.26100.5074_none_3e0d6f78e32fd63f;C:\Users\lenovo\.jdks\ms-17.0.15\bin\server

VM Arguments:
jvm_args: -XX:TieredStopAtLevel=1 -Dspring.output.ansi.enabled=always -Dcom.sun.management.jmxremote -Dspring.jmx.enabled=true -Dspring.liveBeansView.mbeanDomain -Dspring.application.admin.enabled=true -Dmanagement.endpoints.jmx.exposure.include=* -javaagent:D:\IntelliJ IDEA 2025.1\lib\idea_rt.jar=63357 -Dfile.encoding=UTF-8 
java_command: com.ShiXi.ShiXiApplication
java_class_path (initial): E:\ideaProject\ShiXi-main\target\classes;C:\Users\lenovo\.m2\repository\org\springframework\boot\spring-boot-starter-data-redis\2.7.18\spring-boot-starter-data-redis-2.7.18.jar;C:\Users\lenovo\.m2\repository\org\springframework\boot\spring-boot-starter\2.7.18\spring-boot-starter-2.7.18.jar;C:\Users\lenovo\.m2\repository\org\springframework\boot\spring-boot\2.7.18\spring-boot-2.7.18.jar;C:\Users\lenovo\.m2\repository\org\springframework\boot\spring-boot-starter-logging\2.7.18\spring-boot-starter-logging-2.7.18.jar;C:\Users\lenovo\.m2\repository\ch\qos\logback\logback-classic\1.2.12\logback-classic-1.2.12.jar;C:\Users\lenovo\.m2\repository\ch\qos\logback\logback-core\1.2.12\logback-core-1.2.12.jar;C:\Users\lenovo\.m2\repository\org\apache\logging\log4j\log4j-to-slf4j\2.17.2\log4j-to-slf4j-2.17.2.jar;C:\Users\lenovo\.m2\repository\org\slf4j\jul-to-slf4j\1.7.36\jul-to-slf4j-1.7.36.jar;C:\Users\lenovo\.m2\repository\jakarta\annotation\jakarta.annotation-api\1.3.5\jakarta.annotation-api-1.3.5.jar;C:\Users\lenovo\.m2\repository\org\springframework\spring-core\5.3.31\spring-core-5.3.31.jar;C:\Users\lenovo\.m2\repository\org\springframework\spring-jcl\5.3.31\spring-jcl-5.3.31.jar;C:\Users\lenovo\.m2\repository\org\yaml\snakeyaml\1.30\snakeyaml-1.30.jar;C:\Users\lenovo\.m2\repository\org\springframework\data\spring-data-redis\2.7.18\spring-data-redis-2.7.18.jar;C:\Users\lenovo\.m2\repository\org\springframework\data\spring-data-keyvalue\2.7.18\spring-data-keyvalue-2.7.18.jar;C:\Users\lenovo\.m2\repository\org\springframework\spring-tx\5.3.31\spring-tx-5.3.31.jar;C:\Users\lenovo\.m2\repository\org\springframework\spring-oxm\5.3.31\spring-oxm-5.3.31.jar;C:\Users\lenovo\.m2\repository\org\springframework\spring-aop\5.3.31\spring-aop-5.3.31.jar;C:\Users\lenovo\.m2\repository\org\springframework\spring-context-support\5.3.31\spring-context-support-5.3.31.jar;C:\Users\lenovo\.m2\repository\io\lettuce\lettuce-core\6.1.10.RELEASE\lettuce-core-6.1.10.RELEA
Launcher Type: SUN_STANDARD

[Global flags]
     intx CICompilerCount                          = 12                                        {product} {ergonomic}
     uint ConcGCThreads                            = 3                                         {product} {ergonomic}
     uint G1ConcRefinementThreads                  = 13                                        {product} {ergonomic}
   size_t G1HeapRegionSize                         = 2097152                                   {product} {ergonomic}
    uintx GCDrainStackTargetSize                   = 64                                        {product} {ergonomic}
   size_t InitialHeapSize                          = 255852544                                 {product} {ergonomic}
     bool ManagementServer                         = true                                      {product} {command line}
   size_t MarkStackSize                            = 4194304                                   {product} {ergonomic}
   size_t MaxHeapSize                              = 4078960640                                {product} {ergonomic}
   size_t MaxNewSize                               = 2447376384                                {product} {ergonomic}
   size_t MinHeapDeltaBytes                        = 2097152                                   {product} {ergonomic}
   size_t MinHeapSize                              = 8388608                                   {product} {ergonomic}
    uintx NonProfiledCodeHeapSize                  = 0                                      {pd product} {ergonomic}
     bool ProfileInterpreter                       = false                                  {pd product} {command line}
    uintx ProfiledCodeHeapSize                     = 0                                      {pd product} {ergonomic}
   size_t SoftMaxHeapSize                          = 4078960640                             {manageable} {ergonomic}
     intx TieredStopAtLevel                        = 1                                         {product} {command line}
     bool UseCompressedClassPointers               = true                           {product lp64_product} {ergonomic}
     bool UseCompressedOops                        = true                           {product lp64_product} {ergonomic}
     bool UseG1GC                                  = true                                      {product} {ergonomic}
     bool UseLargePagesIndividualAllocation        = false                                  {pd product} {ergonomic}

Logging:
Log output configuration:
 #0: stdout all=warning uptime,level,tags
 #1: stderr all=off uptime,level,tags

Environment Variables:
PATH=C:\Program Files\Python311\Scripts\;C:\Program Files\Python311\;C:\Program Files\Common Files\Oracle\Java\javapath;C:\Python312\Scripts\;C:\Python312\;D:\bin\;C:\Program Files (x86)\Common Files\Oracle\Java\java8path;C:\Program Files (x86)\Common Files\Oracle\Java\javapath;D:\bin;C:\Windows\system32;C:\Windows;C:\Windows\System32\Wbem;C:\Windows\System32\WindowsPowerShell\v1.0\;C:\Windows\System32\OpenSSH\;C:\Program Files (x86)\NVIDIA Corporation\PhysX\Common;C:\Program Files (x86)\Windows Kits\10\Windows Performance Toolkit\;D:\ucrt\mingw64\bin;C:\Program Files\MySQL\MySQL Server 8.0\bin;D:\Git\cmd;D:\BaiduNetdiskDownload\x86_64-8.1.0-release-posix-seh-rt_v6-rev0\mingw64\bin;C:\Program Files\NVIDIA Corporation\NVIDIA app\NvDLISR;C:\WINDOWS\system32;C:\WINDOWS;C:\WINDOWS\System32\Wbem;C:\WINDOWS\System32\WindowsPowerShell\v1.0\;C:\WINDOWS\System32\OpenSSH\;D:\QT\6.8.2\mingw_64\bin;E:\mariaDB\bin;C:\Program Files\MySQL\MySQL Server 8.0\bin;C:\Program Files\dotnet\;C:\Program Files\nodejs\;D:\web\dll;C:\Users\lenovo\AppData\Local\Microsoft\WindowsApps;C:\Users\lenovo\AppData\Local\Programs\Microsoft VS Code\bin;C:\Users\lenovo\AppData\Roaming\npm
USERNAME=lenovo
OS=Windows_NT
PROCESSOR_IDENTIFIER=AMD64 Family 25 Model 116 Stepping 1, AuthenticAMD
TMP=C:\Users\lenovo\AppData\Local\Temp
TEMP=C:\Users\lenovo\AppData\Local\Temp



Periodic native trim disabled


---------------  S Y S T E M  ---------------

OS:
 Windows 11 , 64 bit Build 26100 (10.0.26100.5074)
OS uptime: 1 days 22:46 hours
Hyper-V role detected

CPU: total 16 (initial active 16) (16 cores per cpu, 2 threads per core) family 25 model 116 stepping 1 microcode 0xa704104, cx8, cmov, fxsr, ht, mmx, 3dnowpref, sse, sse2, sse3, ssse3, sse4a, sse4.1, sse4.2, popcnt, lzcnt, tsc, tscinvbit, avx, avx2, aes, erms, clmul, bmi1, bmi2, adx, avx512f, avx512dq, avx512cd, avx512bw, avx512vl, sha, fma, vzeroupper, avx512_vpopcntdq, avx512_vpclmulqdq, avx512_vaes, avx512_vnni, clflush, clflushopt, avx512_vbmi2, avx512_vbmi, hv
Processor Information for processor 0
  Max Mhz: 3801, Current Mhz: 3040, Mhz Limit: 3801
Processor Information for processor 1
  Max Mhz: 3801, Current Mhz: 3040, Mhz Limit: 3801
Processor Information for processor 2
  Max Mhz: 3801, Current Mhz: 3040, Mhz Limit: 3801
Processor Information for processor 3
  Max Mhz: 3801, Current Mhz: 3040, Mhz Limit: 3801
Processor Information for processor 4
  Max Mhz: 3801, Current Mhz: 3040, Mhz Limit: 3801
Processor Information for processor 5
  Max Mhz: 3801, Current Mhz: 3040, Mhz Limit: 3801
Processor Information for processor 6
  Max Mhz: 3801, Current Mhz: 3040, Mhz Limit: 3801
Processor Information for processor 7
  Max Mhz: 3801, Current Mhz: 3040, Mhz Limit: 3801
Processor Information for processor 8
  Max Mhz: 3801, Current Mhz: 3040, Mhz Limit: 3801
Processor Information for processor 9
  Max Mhz: 3801, Current Mhz: 3040, Mhz Limit: 3801
Processor Information for processor 10
  Max Mhz: 3801, Current Mhz: 3040, Mhz Limit: 3801
Processor Information for processor 11
  Max Mhz: 3801, Current Mhz: 3040, Mhz Limit: 3801
Processor Information for processor 12
  Max Mhz: 3801, Current Mhz: 3040, Mhz Limit: 3801
Processor Information for processor 13
  Max Mhz: 3801, Current Mhz: 3801, Mhz Limit: 3801
Processor Information for processor 14
  Max Mhz: 3801, Current Mhz: 3040, Mhz Limit: 3801
Processor Information for processor 15
  Max Mhz: 3801, Current Mhz: 3040, Mhz Limit: 3801

Memory: 4k page, system-wide physical 15556M (1912M free)
TotalPageFile size 32060M (AvailPageFile size 63M)
current process WorkingSet (physical memory assigned to process): 460M, peak: 465M
current process commit charge ("private bytes"): 578M, peak: 787M

vm_info: OpenJDK 64-Bit Server VM (17.0.15+6-LTS) for windows-amd64 JRE (17.0.15+6-LTS), built on Apr  9 2025 22:27:25 by "MicrosoftCorporation" with unknown MS VC++:1939

END.
